<?xml version="1.0" encoding="UTF-8"?>
<!-- Generated by org.testng.reporters.JUnitReportReporter -->
<testsuite hostname="PUNE5CG9247T7Q" failures="0" tests="6" name="Selenium.Maurya.TestFile" time="39.694" errors="0" timestamp="2021-04-24T10:57:24 IST" skipped="0">
  <testcase classname="Selenium.Maurya.TestFile" name="RegistrationSuccessful1" time="2.003"/>
  <system-out/>
  <testcase classname="Selenium.Maurya.TestFile" name="RegistrationSuccessful2" time="0.864"/>
  <system-out/>
  <testcase classname="Selenium.Maurya.TestFile" name="B" time="0.001"/>
  <system-out/>
  <testcase classname="Selenium.Maurya.TestFile" name="A" time="0.008"/>
  <system-out/>
  <testcase classname="Selenium.Maurya.TestFile" name="RegistrationSuccessful" time="3.933"/>
  <system-out/>
  <testcase classname="Selenium.Maurya.TestFile" name="main1" time="32.885"/>
  <system-out/>
</testsuite> <!-- Selenium.Maurya.TestFile -->
